#
# There is insufficient memory for the Java Runtime Environment to continue.
# Native memory allocation (malloc) failed to allocate 1048576 bytes for AllocateHeap
# Possible reasons:
#   The system is out of physical RAM or swap space
#   The process is running with CompressedOops enabled, and the Java Heap may be blocking the growth of the native heap
# Possible solutions:
#   Reduce memory load on the system
#   Increase physical memory or swap space
#   Check if swap backing store is full
#   Decrease Java heap size (-Xmx/-Xms)
#   Decrease number of Java threads
#   Decrease Java thread stack sizes (-Xss)
#   Set larger code cache with -XX:ReservedCodeCacheSize=
# This output file may be truncated or incomplete.
#
#  Out of Memory Error (./src/hotspot/share/memory/allocation.cpp:46), pid=8432, tid=15224
#
# JRE version:  (11.0.11+9) (build )
# Java VM: OpenJDK 64-Bit Server VM (11.0.11+9-b60-7590822, mixed mode, sharing, tiered, compressed oops, g1 gc, windows-amd64)
# No core dump will be written. Minidumps are not enabled by default on client versions of Windows
#

---------------  S U M M A R Y ------------

Command Line: org.jetbrains.kotlin.cli.jvm.K2JVMCompiler @C:\Users\frolix\AndroidStudioProjects\GiphyTestApp\data\build\20220509_16900710196580452104.compiler.options

Host: Intel(R) Core(TM) i5-10300H CPU @ 2.50GHz, 8 cores, 15G,  Windows 10 , 64 bit Build 19041 (10.0.19041.1645)
Time: Mon May  9 16:00:44 2022 Финляндия (лето) elapsed time: 0.027861 seconds (0d 0h 0m 0s)

---------------  T H R E A D  ---------------

Current thread (0x0000020ede92a000):  JavaThread "Unknown thread" [_thread_in_vm, id=15224, stack(0x0000006949600000,0x0000006949700000)]

Stack: [0x0000006949600000,0x0000006949700000]
Native frames: (J=compiled Java code, j=interpreted, Vv=VM code, C=native code)
V  [jvm.dll+0x5f214a]
V  [jvm.dll+0x726fb5]
V  [jvm.dll+0x7285cd]
V  [jvm.dll+0x728c83]
V  [jvm.dll+0x243278]
V  [jvm.dll+0xb3a34]
V  [jvm.dll+0x2e1607]
V  [jvm.dll+0x2da7fa]
V  [jvm.dll+0x705ba7]
V  [jvm.dll+0x70739c]
V  [jvm.dll+0x3598f9]
V  [jvm.dll+0x6e931e]
V  [jvm.dll+0x3c1c43]
V  [jvm.dll+0x3c3e81]
C  [jli.dll+0x5373]
C  [ucrtbase.dll+0x21bb2]
C  [KERNEL32.DLL+0x17034]
C  [ntdll.dll+0x52651]


---------------  P R O C E S S  ---------------

Threads class SMR info:
_java_thread_list=0x0000020edcf40a40, length=0, elements={
}

Java Threads: ( => current thread )

Other Threads:
  0x0000020ede941800 GCTaskThread "GC Thread#0" [stack: 0x0000006949700000,0x0000006949800000] [id=8136]

[error occurred during error reporting (printing all threads), id 0xc0000005, EXCEPTION_ACCESS_VIOLATION (0xc0000005) at pc=0x00007ffc5baa69d0]

VM state:not at safepoint (not fully initialized)

VM Mutex/Monitor currently owned by a thread:  ([mutex/lock_event])
[0x0000020ede925f20] Heap_lock - owner thread: 0x0000020ede92a000

Heap address: 0x0000000702a00000, size: 4054 MB, Compressed Oops mode: Non-zero based: 0x0000000702a00000
Narrow klass base: 0x0000000000000000, Narrow klass shift: 0

GC Heap History (0 events):
No events

Deoptimization events (0 events):
No events

Classes redefined (0 events):
No events

Internal exceptions (0 events):
No events

Events (1 events):
Event: 0.010 Loaded shared library D:\Android Studio\jre\bin\zip.dll


Dynamic libraries:
0x00007ff7ac960000 - 0x00007ff7ac96a000 	D:\Android Studio\jre\bin\java.exe
0x00007ffcb3050000 - 0x00007ffcb3245000 	C:\Windows\SYSTEM32\ntdll.dll
0x00007ffcb2ce0000 - 0x00007ffcb2d9e000 	C:\Windows\System32\KERNEL32.DLL
0x00007ffcb0770000 - 0x00007ffcb0a38000 	C:\Windows\System32\KERNELBASE.dll
0x00007ffcb0a40000 - 0x00007ffcb0b40000 	C:\Windows\System32\ucrtbase.dll
0x00007ffc7de70000 - 0x00007ffc7de87000 	D:\Android Studio\jre\bin\VCRUNTIME140.dll
0x00007ffc7c640000 - 0x00007ffc7c659000 	D:\Android Studio\jre\bin\jli.dll
0x00007ffcb14f0000 - 0x00007ffcb1690000 	C:\Windows\System32\USER32.dll
0x00007ffcb0fc0000 - 0x00007ffcb0fe2000 	C:\Windows\System32\win32u.dll
0x00007ffc8a150000 - 0x00007ffc8a3ea000 	C:\Windows\WinSxS\amd64_microsoft.windows.common-controls_6595b64144ccf1df_6.0.19041.1110_none_60b5254171f9507e\COMCTL32.dll
0x00007ffcb2480000 - 0x00007ffcb24aa000 	C:\Windows\System32\GDI32.dll
0x00007ffcb2b20000 - 0x00007ffcb2bbe000 	C:\Windows\System32\msvcrt.dll
0x00007ffcb0cf0000 - 0x00007ffcb0dfb000 	C:\Windows\System32\gdi32full.dll
0x00007ffcb0e70000 - 0x00007ffcb0f0d000 	C:\Windows\System32\msvcp_win.dll
0x00007ffcb25e0000 - 0x00007ffcb2610000 	C:\Windows\System32\IMM32.DLL
0x00007ffc55ca0000 - 0x00007ffc55d3d000 	D:\Android Studio\jre\bin\msvcp140.dll
0x00007ffc5b7c0000 - 0x00007ffc5c295000 	D:\Android Studio\jre\bin\server\jvm.dll
0x00007ffcb2a70000 - 0x00007ffcb2b1e000 	C:\Windows\System32\ADVAPI32.dll
0x00007ffcb2310000 - 0x00007ffcb23ac000 	C:\Windows\System32\sechost.dll
0x00007ffcb24b0000 - 0x00007ffcb25d5000 	C:\Windows\System32\RPCRT4.dll
0x00007ffcb2720000 - 0x00007ffcb2728000 	C:\Windows\System32\PSAPI.DLL
0x00007ffca0cb0000 - 0x00007ffca0cb9000 	C:\Windows\SYSTEM32\WSOCK32.dll
0x00007ffc9a550000 - 0x00007ffc9a577000 	C:\Windows\SYSTEM32\WINMM.dll
0x00007ffcb2da0000 - 0x00007ffcb2e0b000 	C:\Windows\System32\WS2_32.dll
0x00007ffca9c70000 - 0x00007ffca9c7a000 	C:\Windows\SYSTEM32\VERSION.dll
0x00007ffcaf020000 - 0x00007ffcaf032000 	C:\Windows\SYSTEM32\kernel.appcore.dll
0x00007ffc98b10000 - 0x00007ffc98b21000 	D:\Android Studio\jre\bin\verify.dll
0x00007ffcae450000 - 0x00007ffcae634000 	C:\Windows\SYSTEM32\DBGHELP.DLL
0x00007ffc9e920000 - 0x00007ffc9e94c000 	C:\Windows\SYSTEM32\dbgcore.DLL
0x00007ffcb0ff0000 - 0x00007ffcb1072000 	C:\Windows\System32\bcryptPrimitives.dll
0x00007ffc95440000 - 0x00007ffc95469000 	D:\Android Studio\jre\bin\java.dll
0x00007ffc99a60000 - 0x00007ffc99a6b000 	D:\Android Studio\jre\bin\jimage.dll
0x00007ffc956a0000 - 0x00007ffc956b8000 	D:\Android Studio\jre\bin\zip.dll

dbghelp: loaded successfully - version: 4.0.5 - missing functions: none
symbol engine: initialized successfully - sym options: 0x614 - pdb path: .;D:\Android Studio\jre\bin;C:\Windows\SYSTEM32;C:\Windows\WinSxS\amd64_microsoft.windows.common-controls_6595b64144ccf1df_6.0.19041.1110_none_60b5254171f9507e;D:\Android Studio\jre\bin\server

VM Arguments:
java_command: org.jetbrains.kotlin.cli.jvm.K2JVMCompiler @C:\Users\frolix\AndroidStudioProjects\GiphyTestApp\data\build\20220509_16900710196580452104.compiler.options
java_class_path (initial): C:\Users\frolix\.gradle\caches\modules-2\files-2.1\org.jetbrains.kotlin\kotlin-compiler-embeddable\1.6.21\97bdd5a752ce73b58ef16c17bc7f0ea2faff7a2e\kotlin-compiler-embeddable-1.6.21.jar;C:\Users\frolix\.gradle\caches\modules-2\files-2.1\org.jetbrains.kotlin\kotlin-reflect\1.6.21\5dc3574d9b7bebfcb4ec6b10ada4aaa9e140bd0b\kotlin-reflect-1.6.21.jar;C:\Users\frolix\.gradle\caches\modules-2\files-2.1\org.jetbrains.kotlin\kotlin-stdlib\1.6.21\11ef67f1900634fd951bad28c53ec957fabbe5b8\kotlin-stdlib-1.6.21.jar;C:\Users\frolix\.gradle\caches\modules-2\files-2.1\org.jetbrains.kotlin\kotlin-script-runtime\1.6.21\99c6675100da5d6d5b1c5a1032f27f28008d101b\kotlin-script-runtime-1.6.21.jar;C:\Users\frolix\.gradle\caches\modules-2\files-2.1\org.jetbrains.kotlin\kotlin-daemon-embeddable\1.6.21\46b78cf392e1c4f10854c3cadba44abb7b82250f\kotlin-daemon-embeddable-1.6.21.jar;C:\Users\frolix\.gradle\caches\modules-2\files-2.1\org.jetbrains.intellij.deps\trove4j\1.0.20200330\3afb14d5f9ceb459d724e907a21145e8ff394f02\trove4j-1.0.20200330.jar;C:\Users\frolix\.gradle\caches\modules-2\files-2.1\net.java.dev.jna\jna\5.6.0\330f2244e9030119ab3030fc3fededc86713d9cc\jna-5.6.0.jar;C:\Users\frolix\.gradle\caches\modules-2\files-2.1\org.jetbrains.kotlin\kotlin-stdlib-common\1.6.21\5e5b55c26dbc80372a920aef60eb774b714559b8\kotlin-stdlib-common-1.6.21.jar;C:\Users\frolix\.gradle\caches\modules-2\files-2.1\org.jetbrains\annotations\13.0\919f0dfe192fb4e063e7dacadee7f8bb9a2672a9\annotations-13.0.jar
Launcher Type: SUN_STANDARD

[Global flags]
     intx CICompilerCount                          = 4                                         {product} {ergonomic}
     uint ConcGCThreads                            = 2                                         {product} {ergonomic}
     uint G1ConcRefinementThreads                  = 8                                         {product} {ergonomic}
   size_t G1HeapRegionSize                         = 1048576                                   {product} {ergonomic}
    uintx GCDrainStackTargetSize                   = 64                                        {product} {ergonomic}
   size_t InitialHeapSize                          = 266338304                                 {product} {ergonomic}
   size_t MarkStackSize                            = 4194304                                   {product} {ergonomic}
   size_t MaxHeapSize                              = 4250927104                                {product} {ergonomic}
   size_t MinHeapDeltaBytes                        = 1048576                                   {product} {ergonomic}
    uintx NonNMethodCodeHeapSize                   = 5836300                                {pd product} {ergonomic}
    uintx NonProfiledCodeHeapSize                  = 122910970                              {pd product} {ergonomic}
    uintx ProfiledCodeHeapSize                     = 122910970                              {pd product} {ergonomic}
    uintx ReservedCodeCacheSize                    = 251658240                              {pd product} {ergonomic}
     bool SegmentedCodeCache                       = true                                      {product} {ergonomic}
     bool UseCompressedClassPointers               = true                                 {lp64_product} {ergonomic}
     bool UseCompressedOops                        = true                                 {lp64_product} {ergonomic}
     bool UseG1GC                                  = true                                      {product} {ergonomic}
     bool UseLargePagesIndividualAllocation        = false                                  {pd product} {ergonomic}

Logging:
Log output configuration:
 #0: stdout all=warning uptime,level,tags
 #1: stderr all=off uptime,level,tags

Environment Variables:
JAVA_HOME=C:\Program Files\Java\jre1.8.0_291
PATH=C:\Program Files (x86)\VMware\VMware Workstation\bin\;C:\Program Files (x86)\Common Files\Oracle\Java\javapath;C:\Program Files\Common Files\Oracle\Java\javapath;C:\Windows\system32;C:\Windows;C:\Windows\System32\Wbem;C:\Windows\System32\WindowsPowerShell\v1.0\;C:\Windows\System32\OpenSSH\;C:\Program Files (x86)\NVIDIA Corporation\PhysX\Common;C:\Program Files\Git\cmd;C:\Program Files\PuTTY\;C:\Users\frolix\AppData\Local\Microsoft\WindowsApps;C:\Users\frolix\AppData\Local\GitHubDesktop\bin
USERNAME=frolix
OS=Windows_NT
PROCESSOR_IDENTIFIER=Intel64 Family 6 Model 165 Stepping 2, GenuineIntel



---------------  S Y S T E M  ---------------

OS: Windows 10 , 64 bit Build 19041 (10.0.19041.1645)
OS uptime: 0 days 20:58 hours

CPU:total 8 (initial active 8) (4 cores per cpu, 2 threads per core) family 6 model 165 stepping 2 microcode 0xe2, cmov, cx8, fxsr, mmx, sse, sse2, sse3, ssse3, sse4.1, sse4.2, popcnt, avx, avx2, aes, clmul, erms, 3dnowpref, lzcnt, ht, tsc, tscinvbit, bmi1, bmi2, adx, fma

Memory: 4k page, system-wide physical 16215M (3589M free)
TotalPageFile size 16215M (AvailPageFile size 5M)
current process WorkingSet (physical memory assigned to process): 9M, peak: 9M
current process commit charge ("private bytes"): 59M, peak: 60M

vm_info: OpenJDK 64-Bit Server VM (11.0.11+9-b60-7590822) for windows-amd64 JRE (11.0.11+9-b60-7590822), built on Jul 29 2021 21:43:44 by "builder" with MS VC++ 14.0 (VS2015)

END.
